2025-04-23T13:08:37.370+08:00  INFO 27496 --- [uavapp] [main] com.uav.uavapp.UavappApplication         : Starting UavappApplication using Java 17.0.12 with PID 27496 (C:\Program Files\Java\apache-maven-3.9.9-bin\apache-maven-3.9.9\repository\production\uavapp started by ROG in D:\drone\UAV213-NEW\UAV213-NEW\uavapp)
2025-04-23T13:08:37.377+08:00  INFO 27496 --- [uavapp] [main] com.uav.uavapp.UavappApplication         : No active profile set, falling back to 1 default profile: "default"
2025-04-23T13:08:37.991+08:00  INFO 27496 --- [uavapp] [main] .s.d.r.c.RepositoryConfigurationDelegate : Bootstrapping Spring Data JPA repositories in DEFAULT mode.
2025-04-23T13:08:38.054+08:00  INFO 27496 --- [uavapp] [main] .s.d.r.c.RepositoryConfigurationDelegate : Finished Spring Data repository scanning in 55 ms. Found 2 JPA repository interfaces.
2025-04-23T13:08:38.585+08:00  INFO 27496 --- [uavapp] [main] o.s.b.w.embedded.tomcat.TomcatWebServer  : Tomcat initialized with port 8082 (http)
2025-04-23T13:08:38.597+08:00  INFO 27496 --- [uavapp] [main] o.apache.catalina.core.StandardService   : Starting service [Tomcat]
2025-04-23T13:08:38.597+08:00  INFO 27496 --- [uavapp] [main] o.apache.catalina.core.StandardEngine    : Starting Servlet engine: [Apache Tomcat/10.1.24]
2025-04-23T13:08:38.741+08:00  INFO 27496 --- [uavapp] [main] o.a.c.c.C.[Tomcat].[localhost].[/]       : Initializing Spring embedded WebApplicationContext
2025-04-23T13:08:38.741+08:00  INFO 27496 --- [uavapp] [main] w.s.c.ServletWebServerApplicationContext : Root WebApplicationContext: initialization completed in 1324 ms
2025-04-23T13:08:38.910+08:00  INFO 27496 --- [uavapp] [main] o.hibernate.jpa.internal.util.LogHelper  : HHH000204: Processing PersistenceUnitInfo [name: default]
2025-04-23T13:08:38.978+08:00  INFO 27496 --- [uavapp] [main] org.hibernate.Version                    : HHH000412: Hibernate ORM core version 6.5.2.Final
2025-04-23T13:08:39.012+08:00  INFO 27496 --- [uavapp] [main] o.h.c.internal.RegionFactoryInitiator    : HHH000026: Second-level cache disabled
2025-04-23T13:08:39.306+08:00  INFO 27496 --- [uavapp] [main] o.s.o.j.p.SpringPersistenceUnitInfo      : No LoadTimeWeaver setup: ignoring JPA class transformer
2025-04-23T13:08:39.342+08:00  INFO 27496 --- [uavapp] [main] com.zaxxer.hikari.HikariDataSource       : HikariPool-1 - Starting...
2025-04-23T13:08:39.545+08:00  INFO 27496 --- [uavapp] [main] com.zaxxer.hikari.pool.HikariPool        : HikariPool-1 - Added connection com.mysql.cj.jdbc.ConnectionImpl@2c34402
2025-04-23T13:08:39.547+08:00  INFO 27496 --- [uavapp] [main] com.zaxxer.hikari.HikariDataSource       : HikariPool-1 - Start completed.
2025-04-23T13:08:39.596+08:00  WARN 27496 --- [uavapp] [main] org.hibernate.orm.deprecation            : HHH90000025: MySQLDialect does not need to be specified explicitly using 'hibernate.dialect' (remove the property setting and it will be selected by default)
2025-04-23T13:08:40.314+08:00  INFO 27496 --- [uavapp] [main] o.h.e.t.j.p.i.JtaPlatformInitiator       : HHH000489: No JTA platform available (set 'hibernate.transaction.jta.platform' to enable JTA platform integration)
2025-04-23T13:08:40.418+08:00  INFO 27496 --- [uavapp] [main] j.LocalContainerEntityManagerFactoryBean : Initialized JPA EntityManagerFactory for persistence unit 'default'
2025-04-23T13:08:40.436+08:00  INFO 27496 --- [uavapp] [main] c.u.u.service.PythonDetectionClient      : 🛠️ Initializing PythonDetectionClient...
2025-04-23T13:08:40.439+08:00  INFO 27496 --- [uavapp] [main] c.u.u.service.PythonDetectionClient      : 🔌 Attempting to connect to Python WebSocket service at ws://localhost:5001...
2025-04-23T13:08:42.506+08:00 ERROR 27496 --- [uavapp] [main] c.u.u.service.PythonDetectionClient      : ❌ Failed to connect to Python WebSocket: jakarta.websocket.DeploymentException: The HTTP request to initiate the WebSocket connection to [ws://localhost:5001] failed
2025-04-23T13:08:42.851+08:00  WARN 27496 --- [uavapp] [main] JpaBaseConfiguration$JpaWebConfiguration : spring.jpa.open-in-view is enabled by default. Therefore, database queries may be performed during view rendering. Explicitly configure spring.jpa.open-in-view to disable this warning
2025-04-23T13:08:43.309+08:00  INFO 27496 --- [uavapp] [main] o.s.b.w.embedded.tomcat.TomcatWebServer  : Tomcat started on port 8082 (http) with context path '/'
2025-04-23T13:08:43.319+08:00  INFO 27496 --- [uavapp] [main] com.uav.uavapp.UavappApplication         : Started UavappApplication in 6.426 seconds (process running for 6.867)
2025-04-23T13:09:18.081+08:00  INFO 27496 --- [uavapp] [http-nio-8082-exec-1] o.a.c.c.C.[Tomcat].[localhost].[/]       : Initializing Spring DispatcherServlet 'dispatcherServlet'
2025-04-23T13:09:18.081+08:00  INFO 27496 --- [uavapp] [http-nio-8082-exec-1] o.s.web.servlet.DispatcherServlet        : Initializing Servlet 'dispatcherServlet'
2025-04-23T13:09:18.081+08:00  INFO 27496 --- [uavapp] [http-nio-8082-exec-1] o.s.web.servlet.DispatcherServlet        : Completed initialization in 0 ms
2025-04-23T13:09:18.138+08:00  INFO 27496 --- [uavapp] [http-nio-8082-exec-2] c.uav.uavapp.controller.UserController   : Received login request with account: w123456 and password: 123456
2025-04-23T13:09:18.330+08:00  INFO 27496 --- [uavapp] [http-nio-8082-exec-2] c.uav.uavapp.controller.UserController   : Generated token for account: w123456
2025-04-23T13:12:25.905+08:00  INFO 27496 --- [uavapp] [http-nio-8082-exec-5] c.uav.uavapp.controller.UserController   : Received login request with account: w123456 and password: 123456
2025-04-23T13:12:25.908+08:00  INFO 27496 --- [uavapp] [http-nio-8082-exec-5] c.uav.uavapp.controller.UserController   : Generated token for account: w123456
2025-04-23T13:13:41.155+08:00  INFO 27496 --- [uavapp] [http-nio-8082-exec-9] c.uav.uavapp.controller.UserController   : Received login request with account: w123456 and password: 123456
2025-04-23T13:13:41.158+08:00  INFO 27496 --- [uavapp] [http-nio-8082-exec-9] c.uav.uavapp.controller.UserController   : Generated token for account: w123456
2025-04-23T13:31:51.009+08:00  INFO 27496 --- [uavapp] [SpringApplicationShutdownHook] c.u.u.service.PythonDetectionClient      : 🧹 Cleaning up PythonDetectionClient...
2025-04-23T13:31:51.009+08:00  INFO 27496 --- [uavapp] [SpringApplicationShutdownHook] c.u.u.service.PythonDetectionClient      : 🧺 Pending requests cleared during cleanup. Size: 0
2025-04-23T13:31:51.009+08:00  INFO 27496 --- [uavapp] [SpringApplicationShutdownHook] j.LocalContainerEntityManagerFactoryBean : Closing JPA EntityManagerFactory for persistence unit 'default'
2025-04-23T13:31:51.017+08:00  INFO 27496 --- [uavapp] [SpringApplicationShutdownHook] com.zaxxer.hikari.HikariDataSource       : HikariPool-1 - Shutdown initiated...
2025-04-23T13:31:51.017+08:00  INFO 27496 --- [uavapp] [SpringApplicationShutdownHook] com.zaxxer.hikari.HikariDataSource       : HikariPool-1 - Shutdown completed.
2025-04-23T13:36:20.368+08:00  INFO 22808 --- [uavapp] [main] com.uav.uavapp.UavappApplication         : Starting UavappApplication using Java 17.0.12 with PID 22808 (C:\Program Files\Java\apache-maven-3.9.9-bin\apache-maven-3.9.9\repository\production\uavapp started by ROG in D:\drone\UAV213-NEW\UAV213-NEW\uavapp)
2025-04-23T13:36:20.373+08:00  INFO 22808 --- [uavapp] [main] com.uav.uavapp.UavappApplication         : No active profile set, falling back to 1 default profile: "default"
2025-04-23T13:36:21.211+08:00  INFO 22808 --- [uavapp] [main] .s.d.r.c.RepositoryConfigurationDelegate : Bootstrapping Spring Data JPA repositories in DEFAULT mode.
2025-04-23T13:36:21.299+08:00  INFO 22808 --- [uavapp] [main] .s.d.r.c.RepositoryConfigurationDelegate : Finished Spring Data repository scanning in 77 ms. Found 2 JPA repository interfaces.
2025-04-23T13:36:22.220+08:00  INFO 22808 --- [uavapp] [main] o.s.b.w.embedded.tomcat.TomcatWebServer  : Tomcat initialized with port 8082 (http)
2025-04-23T13:36:22.244+08:00  INFO 22808 --- [uavapp] [main] o.apache.catalina.core.StandardService   : Starting service [Tomcat]
2025-04-23T13:36:22.244+08:00  INFO 22808 --- [uavapp] [main] o.apache.catalina.core.StandardEngine    : Starting Servlet engine: [Apache Tomcat/10.1.24]
2025-04-23T13:36:22.356+08:00  INFO 22808 --- [uavapp] [main] o.a.c.c.C.[Tomcat].[localhost].[/]       : Initializing Spring embedded WebApplicationContext
2025-04-23T13:36:22.356+08:00  INFO 22808 --- [uavapp] [main] w.s.c.ServletWebServerApplicationContext : Root WebApplicationContext: initialization completed in 1923 ms
2025-04-23T13:36:22.670+08:00  INFO 22808 --- [uavapp] [main] o.hibernate.jpa.internal.util.LogHelper  : HHH000204: Processing PersistenceUnitInfo [name: default]
2025-04-23T13:36:22.766+08:00  INFO 22808 --- [uavapp] [main] org.hibernate.Version                    : HHH000412: Hibernate ORM core version 6.5.2.Final
2025-04-23T13:36:22.814+08:00  INFO 22808 --- [uavapp] [main] o.h.c.internal.RegionFactoryInitiator    : HHH000026: Second-level cache disabled
2025-04-23T13:36:23.175+08:00  INFO 22808 --- [uavapp] [main] o.s.o.j.p.SpringPersistenceUnitInfo      : No LoadTimeWeaver setup: ignoring JPA class transformer
2025-04-23T13:36:23.239+08:00  INFO 22808 --- [uavapp] [main] com.zaxxer.hikari.HikariDataSource       : HikariPool-1 - Starting...
2025-04-23T13:36:23.431+08:00  INFO 22808 --- [uavapp] [main] com.zaxxer.hikari.pool.HikariPool        : HikariPool-1 - Added connection com.mysql.cj.jdbc.ConnectionImpl@2326180c
2025-04-23T13:36:23.431+08:00  INFO 22808 --- [uavapp] [main] com.zaxxer.hikari.HikariDataSource       : HikariPool-1 - Start completed.
2025-04-23T13:36:23.495+08:00  WARN 22808 --- [uavapp] [main] org.hibernate.orm.deprecation            : HHH90000025: MySQLDialect does not need to be specified explicitly using 'hibernate.dialect' (remove the property setting and it will be selected by default)
2025-04-23T13:36:24.470+08:00  INFO 22808 --- [uavapp] [main] o.h.e.t.j.p.i.JtaPlatformInitiator       : HHH000489: No JTA platform available (set 'hibernate.transaction.jta.platform' to enable JTA platform integration)
2025-04-23T13:36:24.598+08:00  INFO 22808 --- [uavapp] [main] j.LocalContainerEntityManagerFactoryBean : Initialized JPA EntityManagerFactory for persistence unit 'default'
2025-04-23T13:36:24.623+08:00  INFO 22808 --- [uavapp] [main] c.u.u.service.PythonDetectionClient      : 🛠️ Initializing PythonDetectionClient...
2025-04-23T13:36:24.631+08:00  INFO 22808 --- [uavapp] [main] c.u.u.service.PythonDetectionClient      : 🔌 Attempting to connect to Python WebSocket service at ws://localhost:5001...
2025-04-23T13:36:24.687+08:00 ERROR 22808 --- [uavapp] [main] c.u.u.service.PythonDetectionClient      : ❌ Failed to connect to Python WebSocket: jakarta.websocket.DeploymentException: The HTTP response from the server [400] did not permit the HTTP upgrade to WebSocket
2025-04-23T13:36:25.177+08:00  WARN 22808 --- [uavapp] [main] JpaBaseConfiguration$JpaWebConfiguration : spring.jpa.open-in-view is enabled by default. Therefore, database queries may be performed during view rendering. Explicitly configure spring.jpa.open-in-view to disable this warning
2025-04-23T13:36:25.698+08:00  INFO 22808 --- [uavapp] [main] o.s.b.w.embedded.tomcat.TomcatWebServer  : Tomcat started on port 8082 (http) with context path '/'
2025-04-23T13:36:25.714+08:00  INFO 22808 --- [uavapp] [main] com.uav.uavapp.UavappApplication         : Started UavappApplication in 5.923 seconds (process running for 6.446)
2025-04-23T13:36:33.106+08:00  INFO 22808 --- [uavapp] [http-nio-8082-exec-1] o.a.c.c.C.[Tomcat].[localhost].[/]       : Initializing Spring DispatcherServlet 'dispatcherServlet'
2025-04-23T13:36:33.106+08:00  INFO 22808 --- [uavapp] [http-nio-8082-exec-1] o.s.web.servlet.DispatcherServlet        : Initializing Servlet 'dispatcherServlet'
2025-04-23T13:36:33.106+08:00  INFO 22808 --- [uavapp] [http-nio-8082-exec-1] o.s.web.servlet.DispatcherServlet        : Completed initialization in 0 ms
2025-04-23T13:36:33.234+08:00  INFO 22808 --- [uavapp] [http-nio-8082-exec-2] c.u.u.controller.FlightRouteController   : Fetching flight routes for User ID: 1
2025-04-23T13:36:33.402+08:00  INFO 22808 --- [uavapp] [http-nio-8082-exec-2] c.u.u.controller.FlightRouteController   : Fetched 11 flight routes for User ID: 1
2025-04-23T13:36:33.402+08:00  INFO 22808 --- [uavapp] [http-nio-8082-exec-2] c.u.u.controller.FlightRouteController   : FlightRouteBean - ID: 1, Route Name: 上大校内, Route Location: 上海大学, Create Time: 2024-06-16 11:37:40
2025-04-23T13:36:33.402+08:00  INFO 22808 --- [uavapp] [http-nio-8082-exec-2] c.u.u.controller.FlightRouteController   : FlightRouteBean - ID: 2, Route Name: 上大校内, Route Location: 上海大学, Create Time: 2024-06-16 11:37:40
2025-04-23T13:36:33.402+08:00  INFO 22808 --- [uavapp] [http-nio-8082-exec-2] c.u.u.controller.FlightRouteController   : FlightRouteBean - ID: 3, Route Name: 上大校内, Route Location: 上海大学, Create Time: 2024-06-16 11:37:40
2025-04-23T13:36:33.402+08:00  INFO 22808 --- [uavapp] [http-nio-8082-exec-2] c.u.u.controller.FlightRouteController   : FlightRouteBean - ID: 4, Route Name: 山明食堂, Route Location: 上海大学, Create Time: 2024-06-16 11:54:15
2025-04-23T13:36:33.410+08:00  INFO 22808 --- [uavapp] [http-nio-8082-exec-2] c.u.u.controller.FlightRouteController   : FlightRouteBean - ID: 6, Route Name: 翔英学院, Route Location: 上海大学东区, Create Time: 2024-06-17 09:50:26
2025-04-23T13:36:33.410+08:00  INFO 22808 --- [uavapp] [http-nio-8082-exec-2] c.u.u.controller.FlightRouteController   : FlightRouteBean - ID: 7, Route Name: 上海中心, Route Location: 静安区, Create Time: 2024-06-21 12:37:22
2025-04-23T13:36:33.410+08:00  INFO 22808 --- [uavapp] [http-nio-8082-exec-2] c.u.u.controller.FlightRouteController   : FlightRouteBean - ID: 8, Route Name: 上海中心2, Route Location: 静安区, Create Time: 2024-06-21 12:38:56
2025-04-23T13:36:33.410+08:00  INFO 22808 --- [uavapp] [http-nio-8082-exec-2] c.u.u.controller.FlightRouteController   : FlightRouteBean - ID: 9, Route Name: 上海中心3, Route Location: 静安区, Create Time: 2024-06-21 12:44:47
2025-04-23T13:36:33.410+08:00  INFO 22808 --- [uavapp] [http-nio-8082-exec-2] c.u.u.controller.FlightRouteController   : FlightRouteBean - ID: 10, Route Name: 上海中心4, Route Location: 静安区, Create Time: 2024-06-21 12:48:01
2025-04-23T13:36:33.410+08:00  INFO 22808 --- [uavapp] [http-nio-8082-exec-2] c.u.u.controller.FlightRouteController   : FlightRouteBean - ID: 11, Route Name: 上海中心5, Route Location: 静安区, Create Time: 2024-06-21 12:51:05
2025-04-23T13:36:33.410+08:00  INFO 22808 --- [uavapp] [http-nio-8082-exec-2] c.u.u.controller.FlightRouteController   : FlightRouteBean - ID: 12, Route Name: 故宫, Route Location: 北京故宫, Create Time: 2024-09-24 11:36:49
2025-04-23T13:36:35.278+08:00  INFO 22808 --- [uavapp] [http-nio-8082-exec-3] c.u.u.controller.FlightRouteController   : Fetching flight routes for User ID: 2
2025-04-23T13:36:35.278+08:00  INFO 22808 --- [uavapp] [http-nio-8082-exec-3] c.u.u.controller.FlightRouteController   : Fetched 1 flight routes for User ID: 2
2025-04-23T13:36:35.278+08:00  INFO 22808 --- [uavapp] [http-nio-8082-exec-3] c.u.u.controller.FlightRouteController   : FlightRouteBean - ID: 5, Route Name: 翔英学院, Route Location: 上海大学, Create Time: 2024-06-17 00:34:46
2025-04-23T13:37:49.497+08:00  INFO 22808 --- [uavapp] [SpringApplicationShutdownHook] c.u.u.service.PythonDetectionClient      : 🧹 Cleaning up PythonDetectionClient...
2025-04-23T13:37:49.497+08:00  INFO 22808 --- [uavapp] [SpringApplicationShutdownHook] c.u.u.service.PythonDetectionClient      : 🧺 Pending requests cleared during cleanup. Size: 0
2025-04-23T13:37:49.498+08:00  INFO 22808 --- [uavapp] [SpringApplicationShutdownHook] j.LocalContainerEntityManagerFactoryBean : Closing JPA EntityManagerFactory for persistence unit 'default'
2025-04-23T13:37:49.506+08:00  INFO 22808 --- [uavapp] [SpringApplicationShutdownHook] com.zaxxer.hikari.HikariDataSource       : HikariPool-1 - Shutdown initiated...
2025-04-23T13:37:49.513+08:00  INFO 22808 --- [uavapp] [SpringApplicationShutdownHook] com.zaxxer.hikari.HikariDataSource       : HikariPool-1 - Shutdown completed.
2025-04-23T13:40:39.702+08:00  INFO 30420 --- [uavapp] [main] com.uav.uavapp.UavappApplication         : Starting UavappApplication using Java 17.0.12 with PID 30420 (C:\Program Files\Java\apache-maven-3.9.9-bin\apache-maven-3.9.9\repository\production\uavapp started by ROG in D:\drone\UAV213-NEW\UAV213-NEW\uavapp)
2025-04-23T13:40:39.710+08:00  INFO 30420 --- [uavapp] [main] com.uav.uavapp.UavappApplication         : No active profile set, falling back to 1 default profile: "default"
2025-04-23T13:40:40.633+08:00  INFO 30420 --- [uavapp] [main] .s.d.r.c.RepositoryConfigurationDelegate : Bootstrapping Spring Data JPA repositories in DEFAULT mode.
2025-04-23T13:40:40.726+08:00  INFO 30420 --- [uavapp] [main] .s.d.r.c.RepositoryConfigurationDelegate : Finished Spring Data repository scanning in 85 ms. Found 2 JPA repository interfaces.
2025-04-23T13:40:41.544+08:00  INFO 30420 --- [uavapp] [main] o.s.b.w.embedded.tomcat.TomcatWebServer  : Tomcat initialized with port 8082 (http)
2025-04-23T13:40:41.568+08:00  INFO 30420 --- [uavapp] [main] o.apache.catalina.core.StandardService   : Starting service [Tomcat]
2025-04-23T13:40:41.568+08:00  INFO 30420 --- [uavapp] [main] o.apache.catalina.core.StandardEngine    : Starting Servlet engine: [Apache Tomcat/10.1.24]
2025-04-23T13:40:41.656+08:00  INFO 30420 --- [uavapp] [main] o.a.c.c.C.[Tomcat].[localhost].[/]       : Initializing Spring embedded WebApplicationContext
2025-04-23T13:40:41.656+08:00  INFO 30420 --- [uavapp] [main] w.s.c.ServletWebServerApplicationContext : Root WebApplicationContext: initialization completed in 1887 ms
2025-04-23T13:40:41.997+08:00  INFO 30420 --- [uavapp] [main] o.hibernate.jpa.internal.util.LogHelper  : HHH000204: Processing PersistenceUnitInfo [name: default]
2025-04-23T13:40:42.087+08:00  INFO 30420 --- [uavapp] [main] org.hibernate.Version                    : HHH000412: Hibernate ORM core version 6.5.2.Final
2025-04-23T13:40:42.136+08:00  INFO 30420 --- [uavapp] [main] o.h.c.internal.RegionFactoryInitiator    : HHH000026: Second-level cache disabled
2025-04-23T13:40:42.512+08:00  INFO 30420 --- [uavapp] [main] o.s.o.j.p.SpringPersistenceUnitInfo      : No LoadTimeWeaver setup: ignoring JPA class transformer
2025-04-23T13:40:42.567+08:00  INFO 30420 --- [uavapp] [main] com.zaxxer.hikari.HikariDataSource       : HikariPool-1 - Starting...
2025-04-23T13:40:42.775+08:00  INFO 30420 --- [uavapp] [main] com.zaxxer.hikari.pool.HikariPool        : HikariPool-1 - Added connection com.mysql.cj.jdbc.ConnectionImpl@559d19c
2025-04-23T13:40:42.775+08:00  INFO 30420 --- [uavapp] [main] com.zaxxer.hikari.HikariDataSource       : HikariPool-1 - Start completed.
2025-04-23T13:40:42.839+08:00  WARN 30420 --- [uavapp] [main] org.hibernate.orm.deprecation            : HHH90000025: MySQLDialect does not need to be specified explicitly using 'hibernate.dialect' (remove the property setting and it will be selected by default)
2025-04-23T13:40:43.829+08:00  INFO 30420 --- [uavapp] [main] o.h.e.t.j.p.i.JtaPlatformInitiator       : HHH000489: No JTA platform available (set 'hibernate.transaction.jta.platform' to enable JTA platform integration)
2025-04-23T13:40:43.957+08:00  INFO 30420 --- [uavapp] [main] j.LocalContainerEntityManagerFactoryBean : Initialized JPA EntityManagerFactory for persistence unit 'default'
2025-04-23T13:40:43.981+08:00  INFO 30420 --- [uavapp] [main] c.u.u.service.PythonDetectionClient      : 🛠️ Initializing PythonDetectionClient...
2025-04-23T13:40:43.981+08:00  INFO 30420 --- [uavapp] [main] c.u.u.service.PythonDetectionClient      : 🔌 Attempting to connect to Python WebSocket service at ws://localhost:5001...
2025-04-23T13:40:44.029+08:00 ERROR 30420 --- [uavapp] [main] c.u.u.service.PythonDetectionClient      : ❌ Failed to connect to Python WebSocket: jakarta.websocket.DeploymentException: The HTTP response from the server [400] did not permit the HTTP upgrade to WebSocket
2025-04-23T13:40:44.534+08:00  WARN 30420 --- [uavapp] [main] JpaBaseConfiguration$JpaWebConfiguration : spring.jpa.open-in-view is enabled by default. Therefore, database queries may be performed during view rendering. Explicitly configure spring.jpa.open-in-view to disable this warning
2025-04-23T13:40:45.078+08:00  INFO 30420 --- [uavapp] [main] o.s.b.w.embedded.tomcat.TomcatWebServer  : Tomcat started on port 8082 (http) with context path '/'
2025-04-23T13:40:45.095+08:00  INFO 30420 --- [uavapp] [main] com.uav.uavapp.UavappApplication         : Started UavappApplication in 5.961 seconds (process running for 6.469)
2025-04-23T14:17:31.551+08:00  INFO 30420 --- [uavapp] [SpringApplicationShutdownHook] c.u.u.service.PythonDetectionClient      : 🧹 Cleaning up PythonDetectionClient...
2025-04-23T14:17:31.552+08:00  INFO 30420 --- [uavapp] [SpringApplicationShutdownHook] c.u.u.service.PythonDetectionClient      : 🧺 Pending requests cleared during cleanup. Size: 0
2025-04-23T14:17:31.552+08:00  INFO 30420 --- [uavapp] [SpringApplicationShutdownHook] j.LocalContainerEntityManagerFactoryBean : Closing JPA EntityManagerFactory for persistence unit 'default'
2025-04-23T14:17:31.553+08:00  INFO 30420 --- [uavapp] [SpringApplicationShutdownHook] com.zaxxer.hikari.HikariDataSource       : HikariPool-1 - Shutdown initiated...
2025-04-23T14:17:31.555+08:00  INFO 30420 --- [uavapp] [SpringApplicationShutdownHook] com.zaxxer.hikari.HikariDataSource       : HikariPool-1 - Shutdown completed.
2025-04-23T14:17:33.838+08:00  INFO 18540 --- [uavapp] [main] com.uav.uavapp.UavappApplication         : Starting UavappApplication using Java 17.0.12 with PID 18540 (C:\Program Files\Java\apache-maven-3.9.9-bin\apache-maven-3.9.9\repository\production\uavapp started by ROG in D:\drone\UAV213-NEW\UAV213-NEW\uavapp)
2025-04-23T14:17:33.841+08:00  INFO 18540 --- [uavapp] [main] com.uav.uavapp.UavappApplication         : No active profile set, falling back to 1 default profile: "default"
2025-04-23T14:17:34.457+08:00  INFO 18540 --- [uavapp] [main] .s.d.r.c.RepositoryConfigurationDelegate : Bootstrapping Spring Data JPA repositories in DEFAULT mode.
2025-04-23T14:17:34.517+08:00  INFO 18540 --- [uavapp] [main] .s.d.r.c.RepositoryConfigurationDelegate : Finished Spring Data repository scanning in 52 ms. Found 2 JPA repository interfaces.
2025-04-23T14:17:35.040+08:00  INFO 18540 --- [uavapp] [main] o.s.b.w.embedded.tomcat.TomcatWebServer  : Tomcat initialized with port 8082 (http)
2025-04-23T14:17:35.051+08:00  INFO 18540 --- [uavapp] [main] o.apache.catalina.core.StandardService   : Starting service [Tomcat]
2025-04-23T14:17:35.051+08:00  INFO 18540 --- [uavapp] [main] o.apache.catalina.core.StandardEngine    : Starting Servlet engine: [Apache Tomcat/10.1.24]
2025-04-23T14:17:35.111+08:00  INFO 18540 --- [uavapp] [main] o.a.c.c.C.[Tomcat].[localhost].[/]       : Initializing Spring embedded WebApplicationContext
2025-04-23T14:17:35.111+08:00  INFO 18540 --- [uavapp] [main] w.s.c.ServletWebServerApplicationContext : Root WebApplicationContext: initialization completed in 1235 ms
2025-04-23T14:17:35.321+08:00  INFO 18540 --- [uavapp] [main] o.hibernate.jpa.internal.util.LogHelper  : HHH000204: Processing PersistenceUnitInfo [name: default]
2025-04-23T14:17:35.374+08:00  INFO 18540 --- [uavapp] [main] org.hibernate.Version                    : HHH000412: Hibernate ORM core version 6.5.2.Final
2025-04-23T14:17:35.404+08:00  INFO 18540 --- [uavapp] [main] o.h.c.internal.RegionFactoryInitiator    : HHH000026: Second-level cache disabled
2025-04-23T14:17:35.621+08:00  INFO 18540 --- [uavapp] [main] o.s.o.j.p.SpringPersistenceUnitInfo      : No LoadTimeWeaver setup: ignoring JPA class transformer
2025-04-23T14:17:35.655+08:00  INFO 18540 --- [uavapp] [main] com.zaxxer.hikari.HikariDataSource       : HikariPool-1 - Starting...
2025-04-23T14:17:35.769+08:00  INFO 18540 --- [uavapp] [main] com.zaxxer.hikari.pool.HikariPool        : HikariPool-1 - Added connection com.mysql.cj.jdbc.ConnectionImpl@2bdb5e0f
2025-04-23T14:17:35.771+08:00  INFO 18540 --- [uavapp] [main] com.zaxxer.hikari.HikariDataSource       : HikariPool-1 - Start completed.
2025-04-23T14:17:35.812+08:00  WARN 18540 --- [uavapp] [main] org.hibernate.orm.deprecation            : HHH90000025: MySQLDialect does not need to be specified explicitly using 'hibernate.dialect' (remove the property setting and it will be selected by default)
2025-04-23T14:17:36.359+08:00  INFO 18540 --- [uavapp] [main] o.h.e.t.j.p.i.JtaPlatformInitiator       : HHH000489: No JTA platform available (set 'hibernate.transaction.jta.platform' to enable JTA platform integration)
2025-04-23T14:17:36.427+08:00  INFO 18540 --- [uavapp] [main] j.LocalContainerEntityManagerFactoryBean : Initialized JPA EntityManagerFactory for persistence unit 'default'
2025-04-23T14:17:36.443+08:00  INFO 18540 --- [uavapp] [main] c.u.u.service.PythonDetectionClient      : 🛠️ Initializing PythonDetectionClient...
2025-04-23T14:17:36.446+08:00  INFO 18540 --- [uavapp] [main] c.u.u.service.PythonDetectionClient      : 🔌 Attempting to connect to Python WebSocket service at ws://localhost:5001...
2025-04-23T14:17:38.515+08:00 ERROR 18540 --- [uavapp] [main] c.u.u.service.PythonDetectionClient      : ❌ Failed to connect to Python WebSocket: jakarta.websocket.DeploymentException: The HTTP request to initiate the WebSocket connection to [ws://localhost:5001] failed
2025-04-23T14:17:38.878+08:00  WARN 18540 --- [uavapp] [main] JpaBaseConfiguration$JpaWebConfiguration : spring.jpa.open-in-view is enabled by default. Therefore, database queries may be performed during view rendering. Explicitly configure spring.jpa.open-in-view to disable this warning
2025-04-23T14:17:39.273+08:00  INFO 18540 --- [uavapp] [main] o.s.b.w.embedded.tomcat.TomcatWebServer  : Tomcat started on port 8082 (http) with context path '/'
2025-04-23T14:17:39.283+08:00  INFO 18540 --- [uavapp] [main] com.uav.uavapp.UavappApplication         : Started UavappApplication in 5.805 seconds (process running for 6.108)
2025-04-23T14:21:30.932+08:00  INFO 18540 --- [uavapp] [SpringApplicationShutdownHook] c.u.u.service.PythonDetectionClient      : 🧹 Cleaning up PythonDetectionClient...
2025-04-23T14:21:30.932+08:00  INFO 18540 --- [uavapp] [SpringApplicationShutdownHook] c.u.u.service.PythonDetectionClient      : 🧺 Pending requests cleared during cleanup. Size: 0
2025-04-23T14:21:30.932+08:00  INFO 18540 --- [uavapp] [SpringApplicationShutdownHook] j.LocalContainerEntityManagerFactoryBean : Closing JPA EntityManagerFactory for persistence unit 'default'
2025-04-23T14:21:30.935+08:00  INFO 18540 --- [uavapp] [SpringApplicationShutdownHook] com.zaxxer.hikari.HikariDataSource       : HikariPool-1 - Shutdown initiated...
2025-04-23T14:21:30.939+08:00  INFO 18540 --- [uavapp] [SpringApplicationShutdownHook] com.zaxxer.hikari.HikariDataSource       : HikariPool-1 - Shutdown completed.
2025-04-23T14:21:33.305+08:00  INFO 32728 --- [uavapp] [main] com.uav.uavapp.UavappApplication         : Starting UavappApplication using Java 17.0.12 with PID 32728 (C:\Program Files\Java\apache-maven-3.9.9-bin\apache-maven-3.9.9\repository\production\uavapp started by ROG in D:\drone\UAV213-NEW\UAV213-NEW\uavapp)
2025-04-23T14:21:33.309+08:00  INFO 32728 --- [uavapp] [main] com.uav.uavapp.UavappApplication         : No active profile set, falling back to 1 default profile: "default"
2025-04-23T14:21:33.872+08:00  INFO 32728 --- [uavapp] [main] .s.d.r.c.RepositoryConfigurationDelegate : Bootstrapping Spring Data JPA repositories in DEFAULT mode.
2025-04-23T14:21:33.930+08:00  INFO 32728 --- [uavapp] [main] .s.d.r.c.RepositoryConfigurationDelegate : Finished Spring Data repository scanning in 50 ms. Found 2 JPA repository interfaces.
2025-04-23T14:21:34.498+08:00  INFO 32728 --- [uavapp] [main] o.s.b.w.embedded.tomcat.TomcatWebServer  : Tomcat initialized with port 8082 (http)
2025-04-23T14:21:34.511+08:00  INFO 32728 --- [uavapp] [main] o.apache.catalina.core.StandardService   : Starting service [Tomcat]
2025-04-23T14:21:34.511+08:00  INFO 32728 --- [uavapp] [main] o.apache.catalina.core.StandardEngine    : Starting Servlet engine: [Apache Tomcat/10.1.24]
2025-04-23T14:21:34.574+08:00  INFO 32728 --- [uavapp] [main] o.a.c.c.C.[Tomcat].[localhost].[/]       : Initializing Spring embedded WebApplicationContext
2025-04-23T14:21:34.575+08:00  INFO 32728 --- [uavapp] [main] w.s.c.ServletWebServerApplicationContext : Root WebApplicationContext: initialization completed in 1227 ms
2025-04-23T14:21:34.770+08:00  INFO 32728 --- [uavapp] [main] o.hibernate.jpa.internal.util.LogHelper  : HHH000204: Processing PersistenceUnitInfo [name: default]
2025-04-23T14:21:34.827+08:00  INFO 32728 --- [uavapp] [main] org.hibernate.Version                    : HHH000412: Hibernate ORM core version 6.5.2.Final
2025-04-23T14:21:34.862+08:00  INFO 32728 --- [uavapp] [main] o.h.c.internal.RegionFactoryInitiator    : HHH000026: Second-level cache disabled
2025-04-23T14:21:35.085+08:00  INFO 32728 --- [uavapp] [main] o.s.o.j.p.SpringPersistenceUnitInfo      : No LoadTimeWeaver setup: ignoring JPA class transformer
2025-04-23T14:21:35.114+08:00  INFO 32728 --- [uavapp] [main] com.zaxxer.hikari.HikariDataSource       : HikariPool-1 - Starting...
2025-04-23T14:21:35.229+08:00  INFO 32728 --- [uavapp] [main] com.zaxxer.hikari.pool.HikariPool        : HikariPool-1 - Added connection com.mysql.cj.jdbc.ConnectionImpl@45f9d394
2025-04-23T14:21:35.230+08:00  INFO 32728 --- [uavapp] [main] com.zaxxer.hikari.HikariDataSource       : HikariPool-1 - Start completed.
2025-04-23T14:21:35.265+08:00  WARN 32728 --- [uavapp] [main] org.hibernate.orm.deprecation            : HHH90000025: MySQLDialect does not need to be specified explicitly using 'hibernate.dialect' (remove the property setting and it will be selected by default)
2025-04-23T14:21:35.833+08:00  INFO 32728 --- [uavapp] [main] o.h.e.t.j.p.i.JtaPlatformInitiator       : HHH000489: No JTA platform available (set 'hibernate.transaction.jta.platform' to enable JTA platform integration)
2025-04-23T14:21:35.909+08:00  INFO 32728 --- [uavapp] [main] j.LocalContainerEntityManagerFactoryBean : Initialized JPA EntityManagerFactory for persistence unit 'default'
2025-04-23T14:21:35.925+08:00  INFO 32728 --- [uavapp] [main] c.u.u.service.PythonDetectionClient      : 🛠️ Initializing PythonDetectionClient...
2025-04-23T14:21:35.929+08:00  INFO 32728 --- [uavapp] [main] c.u.u.service.PythonDetectionClient      : 🔌 Attempting to connect to Python WebSocket service at ws://localhost:5001...
2025-04-23T14:21:38.006+08:00 ERROR 32728 --- [uavapp] [main] c.u.u.service.PythonDetectionClient      : ❌ Failed to connect to Python WebSocket: jakarta.websocket.DeploymentException: The HTTP request to initiate the WebSocket connection to [ws://localhost:5001] failed
2025-04-23T14:21:38.298+08:00  WARN 32728 --- [uavapp] [main] JpaBaseConfiguration$JpaWebConfiguration : spring.jpa.open-in-view is enabled by default. Therefore, database queries may be performed during view rendering. Explicitly configure spring.jpa.open-in-view to disable this warning
2025-04-23T14:21:38.664+08:00  INFO 32728 --- [uavapp] [main] o.s.b.w.embedded.tomcat.TomcatWebServer  : Tomcat started on port 8082 (http) with context path '/'
2025-04-23T14:21:38.673+08:00  INFO 32728 --- [uavapp] [main] com.uav.uavapp.UavappApplication         : Started UavappApplication in 5.708 seconds (process running for 6.025)
2025-04-23T14:22:22.844+08:00  INFO 32728 --- [uavapp] [SpringApplicationShutdownHook] c.u.u.service.PythonDetectionClient      : 🧹 Cleaning up PythonDetectionClient...
2025-04-23T14:22:22.844+08:00  INFO 32728 --- [uavapp] [SpringApplicationShutdownHook] c.u.u.service.PythonDetectionClient      : 🧺 Pending requests cleared during cleanup. Size: 0
2025-04-23T14:22:22.844+08:00  INFO 32728 --- [uavapp] [SpringApplicationShutdownHook] j.LocalContainerEntityManagerFactoryBean : Closing JPA EntityManagerFactory for persistence unit 'default'
2025-04-23T14:22:22.846+08:00  INFO 32728 --- [uavapp] [SpringApplicationShutdownHook] com.zaxxer.hikari.HikariDataSource       : HikariPool-1 - Shutdown initiated...
2025-04-23T14:22:22.850+08:00  INFO 32728 --- [uavapp] [SpringApplicationShutdownHook] com.zaxxer.hikari.HikariDataSource       : HikariPool-1 - Shutdown completed.
2025-04-23T14:22:29.930+08:00  INFO 34476 --- [uavapp] [main] com.uav.uavapp.UavappApplication         : Starting UavappApplication using Java 17.0.12 with PID 34476 (C:\Program Files\Java\apache-maven-3.9.9-bin\apache-maven-3.9.9\repository\production\uavapp started by ROG in D:\drone\UAV213-NEW\UAV213-NEW\uavapp)
2025-04-23T14:22:29.933+08:00  INFO 34476 --- [uavapp] [main] com.uav.uavapp.UavappApplication         : No active profile set, falling back to 1 default profile: "default"
2025-04-23T14:22:30.498+08:00  INFO 34476 --- [uavapp] [main] .s.d.r.c.RepositoryConfigurationDelegate : Bootstrapping Spring Data JPA repositories in DEFAULT mode.
2025-04-23T14:22:30.554+08:00  INFO 34476 --- [uavapp] [main] .s.d.r.c.RepositoryConfigurationDelegate : Finished Spring Data repository scanning in 48 ms. Found 2 JPA repository interfaces.
2025-04-23T14:22:31.025+08:00  INFO 34476 --- [uavapp] [main] o.s.b.w.embedded.tomcat.TomcatWebServer  : Tomcat initialized with port 8082 (http)
2025-04-23T14:22:31.033+08:00  INFO 34476 --- [uavapp] [main] o.apache.catalina.core.StandardService   : Starting service [Tomcat]
2025-04-23T14:22:31.033+08:00  INFO 34476 --- [uavapp] [main] o.apache.catalina.core.StandardEngine    : Starting Servlet engine: [Apache Tomcat/10.1.24]
2025-04-23T14:22:31.083+08:00  INFO 34476 --- [uavapp] [main] o.a.c.c.C.[Tomcat].[localhost].[/]       : Initializing Spring embedded WebApplicationContext
2025-04-23T14:22:31.084+08:00  INFO 34476 --- [uavapp] [main] w.s.c.ServletWebServerApplicationContext : Root WebApplicationContext: initialization completed in 1116 ms
2025-04-23T14:22:31.267+08:00  INFO 34476 --- [uavapp] [main] o.hibernate.jpa.internal.util.LogHelper  : HHH000204: Processing PersistenceUnitInfo [name: default]
2025-04-23T14:22:31.314+08:00  INFO 34476 --- [uavapp] [main] org.hibernate.Version                    : HHH000412: Hibernate ORM core version 6.5.2.Final
2025-04-23T14:22:31.342+08:00  INFO 34476 --- [uavapp] [main] o.h.c.internal.RegionFactoryInitiator    : HHH000026: Second-level cache disabled
2025-04-23T14:22:31.548+08:00  INFO 34476 --- [uavapp] [main] o.s.o.j.p.SpringPersistenceUnitInfo      : No LoadTimeWeaver setup: ignoring JPA class transformer
2025-04-23T14:22:31.578+08:00  INFO 34476 --- [uavapp] [main] com.zaxxer.hikari.HikariDataSource       : HikariPool-1 - Starting...
2025-04-23T14:22:31.696+08:00  INFO 34476 --- [uavapp] [main] com.zaxxer.hikari.pool.HikariPool        : HikariPool-1 - Added connection com.mysql.cj.jdbc.ConnectionImpl@719c1faf
2025-04-23T14:22:31.698+08:00  INFO 34476 --- [uavapp] [main] com.zaxxer.hikari.HikariDataSource       : HikariPool-1 - Start completed.
2025-04-23T14:22:31.737+08:00  WARN 34476 --- [uavapp] [main] org.hibernate.orm.deprecation            : HHH90000025: MySQLDialect does not need to be specified explicitly using 'hibernate.dialect' (remove the property setting and it will be selected by default)
2025-04-23T14:22:32.292+08:00  INFO 34476 --- [uavapp] [main] o.h.e.t.j.p.i.JtaPlatformInitiator       : HHH000489: No JTA platform available (set 'hibernate.transaction.jta.platform' to enable JTA platform integration)
2025-04-23T14:22:32.363+08:00  INFO 34476 --- [uavapp] [main] j.LocalContainerEntityManagerFactoryBean : Initialized JPA EntityManagerFactory for persistence unit 'default'
2025-04-23T14:22:32.377+08:00  INFO 34476 --- [uavapp] [main] c.u.u.service.PythonDetectionClient      : 🛠️ Initializing PythonDetectionClient...
2025-04-23T14:22:32.381+08:00  INFO 34476 --- [uavapp] [main] c.u.u.service.PythonDetectionClient      : 🔌 Attempting to connect to Python WebSocket service at ws://localhost:5001...
2025-04-23T14:22:34.429+08:00 ERROR 34476 --- [uavapp] [main] c.u.u.service.PythonDetectionClient      : ❌ Failed to connect to Python WebSocket: jakarta.websocket.DeploymentException: The HTTP request to initiate the WebSocket connection to [ws://localhost:5001] failed
2025-04-23T14:22:34.727+08:00  WARN 34476 --- [uavapp] [main] JpaBaseConfiguration$JpaWebConfiguration : spring.jpa.open-in-view is enabled by default. Therefore, database queries may be performed during view rendering. Explicitly configure spring.jpa.open-in-view to disable this warning
2025-04-23T14:22:35.029+08:00  INFO 34476 --- [uavapp] [main] o.s.b.w.embedded.tomcat.TomcatWebServer  : Tomcat started on port 8082 (http) with context path '/'
2025-04-23T14:22:35.038+08:00  INFO 34476 --- [uavapp] [main] com.uav.uavapp.UavappApplication         : Started UavappApplication in 5.48 seconds (process running for 5.806)
2025-04-23T14:24:52.147+08:00  INFO 34476 --- [uavapp] [SpringApplicationShutdownHook] c.u.u.service.PythonDetectionClient      : 🧹 Cleaning up PythonDetectionClient...
2025-04-23T14:24:52.147+08:00  INFO 34476 --- [uavapp] [SpringApplicationShutdownHook] c.u.u.service.PythonDetectionClient      : 🧺 Pending requests cleared during cleanup. Size: 0
2025-04-23T14:24:52.148+08:00  INFO 34476 --- [uavapp] [SpringApplicationShutdownHook] j.LocalContainerEntityManagerFactoryBean : Closing JPA EntityManagerFactory for persistence unit 'default'
2025-04-23T14:24:52.149+08:00  INFO 34476 --- [uavapp] [SpringApplicationShutdownHook] com.zaxxer.hikari.HikariDataSource       : HikariPool-1 - Shutdown initiated...
2025-04-23T14:24:52.154+08:00  INFO 34476 --- [uavapp] [SpringApplicationShutdownHook] com.zaxxer.hikari.HikariDataSource       : HikariPool-1 - Shutdown completed.
2025-04-23T14:26:04.436+08:00  INFO 11172 --- [uavapp] [main] com.uav.uavapp.UavappApplication         : Starting UavappApplication using Java 17.0.12 with PID 11172 (C:\Program Files\Java\apache-maven-3.9.9-bin\apache-maven-3.9.9\repository\production\uavapp started by ROG in D:\drone\UAV213-NEW\UAV213-NEW\uavapp)
2025-04-23T14:26:04.438+08:00  INFO 11172 --- [uavapp] [main] com.uav.uavapp.UavappApplication         : No active profile set, falling back to 1 default profile: "default"
2025-04-23T14:26:05.072+08:00  INFO 11172 --- [uavapp] [main] .s.d.r.c.RepositoryConfigurationDelegate : Bootstrapping Spring Data JPA repositories in DEFAULT mode.
2025-04-23T14:26:05.135+08:00  INFO 11172 --- [uavapp] [main] .s.d.r.c.RepositoryConfigurationDelegate : Finished Spring Data repository scanning in 55 ms. Found 2 JPA repository interfaces.
2025-04-23T14:26:05.603+08:00  INFO 11172 --- [uavapp] [main] o.s.b.w.embedded.tomcat.TomcatWebServer  : Tomcat initialized with port 8082 (http)
2025-04-23T14:26:05.611+08:00  INFO 11172 --- [uavapp] [main] o.apache.catalina.core.StandardService   : Starting service [Tomcat]
2025-04-23T14:26:05.612+08:00  INFO 11172 --- [uavapp] [main] o.apache.catalina.core.StandardEngine    : Starting Servlet engine: [Apache Tomcat/10.1.24]
2025-04-23T14:26:05.666+08:00  INFO 11172 --- [uavapp] [main] o.a.c.c.C.[Tomcat].[localhost].[/]       : Initializing Spring embedded WebApplicationContext
2025-04-23T14:26:05.666+08:00  INFO 11172 --- [uavapp] [main] w.s.c.ServletWebServerApplicationContext : Root WebApplicationContext: initialization completed in 1189 ms
2025-04-23T14:26:05.869+08:00  INFO 11172 --- [uavapp] [main] o.hibernate.jpa.internal.util.LogHelper  : HHH000204: Processing PersistenceUnitInfo [name: default]
2025-04-23T14:26:05.931+08:00  INFO 11172 --- [uavapp] [main] org.hibernate.Version                    : HHH000412: Hibernate ORM core version 6.5.2.Final
2025-04-23T14:26:05.971+08:00  INFO 11172 --- [uavapp] [main] o.h.c.internal.RegionFactoryInitiator    : HHH000026: Second-level cache disabled
2025-04-23T14:26:06.168+08:00  INFO 11172 --- [uavapp] [main] o.s.o.j.p.SpringPersistenceUnitInfo      : No LoadTimeWeaver setup: ignoring JPA class transformer
2025-04-23T14:26:06.201+08:00  INFO 11172 --- [uavapp] [main] com.zaxxer.hikari.HikariDataSource       : HikariPool-1 - Starting...
2025-04-23T14:26:06.309+08:00  INFO 11172 --- [uavapp] [main] com.zaxxer.hikari.pool.HikariPool        : HikariPool-1 - Added connection com.mysql.cj.jdbc.ConnectionImpl@734fbae3
2025-04-23T14:26:06.311+08:00  INFO 11172 --- [uavapp] [main] com.zaxxer.hikari.HikariDataSource       : HikariPool-1 - Start completed.
2025-04-23T14:26:06.343+08:00  WARN 11172 --- [uavapp] [main] org.hibernate.orm.deprecation            : HHH90000025: MySQLDialect does not need to be specified explicitly using 'hibernate.dialect' (remove the property setting and it will be selected by default)
2025-04-23T14:26:06.890+08:00  INFO 11172 --- [uavapp] [main] o.h.e.t.j.p.i.JtaPlatformInitiator       : HHH000489: No JTA platform available (set 'hibernate.transaction.jta.platform' to enable JTA platform integration)
2025-04-23T14:26:06.963+08:00  INFO 11172 --- [uavapp] [main] j.LocalContainerEntityManagerFactoryBean : Initialized JPA EntityManagerFactory for persistence unit 'default'
2025-04-23T14:26:06.977+08:00  INFO 11172 --- [uavapp] [main] c.u.u.service.PythonDetectionClient      : 🛠️ Initializing PythonDetectionClient...
2025-04-23T14:26:06.981+08:00  INFO 11172 --- [uavapp] [main] c.u.u.service.PythonDetectionClient      : 🔌 Attempting to connect to Python WebSocket service at ws://localhost:5001...
2025-04-23T14:26:09.040+08:00 ERROR 11172 --- [uavapp] [main] c.u.u.service.PythonDetectionClient      : ❌ Failed to connect to Python WebSocket: jakarta.websocket.DeploymentException: The HTTP request to initiate the WebSocket connection to [ws://localhost:5001] failed
2025-04-23T14:26:09.440+08:00  WARN 11172 --- [uavapp] [main] JpaBaseConfiguration$JpaWebConfiguration : spring.jpa.open-in-view is enabled by default. Therefore, database queries may be performed during view rendering. Explicitly configure spring.jpa.open-in-view to disable this warning
2025-04-23T14:26:09.849+08:00  INFO 11172 --- [uavapp] [main] o.s.b.w.embedded.tomcat.TomcatWebServer  : Tomcat started on port 8082 (http) with context path '/'
2025-04-23T14:26:09.859+08:00  INFO 11172 --- [uavapp] [main] com.uav.uavapp.UavappApplication         : Started UavappApplication in 5.79 seconds (process running for 6.09)
2025-04-23T14:29:00.187+08:00  INFO 11172 --- [uavapp] [http-nio-8082-exec-1] o.a.c.c.C.[Tomcat].[localhost].[/]       : Initializing Spring DispatcherServlet 'dispatcherServlet'
2025-04-23T14:29:00.188+08:00  INFO 11172 --- [uavapp] [http-nio-8082-exec-1] o.s.web.servlet.DispatcherServlet        : Initializing Servlet 'dispatcherServlet'
2025-04-23T14:29:00.188+08:00  INFO 11172 --- [uavapp] [http-nio-8082-exec-1] o.s.web.servlet.DispatcherServlet        : Completed initialization in 0 ms
2025-04-23T14:29:00.230+08:00  INFO 11172 --- [uavapp] [http-nio-8082-exec-2] c.uav.uavapp.controller.UserController   : Received login request with account: w123456 and password: 123456
2025-04-23T14:29:00.388+08:00  INFO 11172 --- [uavapp] [http-nio-8082-exec-2] c.uav.uavapp.controller.UserController   : Generated token for account: w123456
2025-04-23T14:29:03.026+08:00  INFO 11172 --- [uavapp] [http-nio-8082-exec-4] c.uav.uavapp.controller.UserController   : Fetching all users with pagination - page: 0, size: 10, sortBy: id
2025-04-23T14:29:03.058+08:00  WARN 11172 --- [uavapp] [http-nio-8082-exec-4] PageModule$PlainPageSerializationWarning : Serializing PageImpl instances as-is is not supported, meaning that there is no guarantee about the stability of the resulting JSON structure!
	For a stable JSON structure, please use Spring Data's PagedModel (globally via @EnableSpringDataWebSupport(pageSerializationMode = VIA_DTO))
	or Spring HATEOAS and Spring Data's PagedResourcesAssembler as documented in https://docs.spring.io/spring-data/commons/reference/repositories/core-extensions.html#core.web.pageables.

2025-04-23T14:50:54.497+08:00  INFO 11172 --- [uavapp] [http-nio-8082-exec-7] c.uav.uavapp.controller.UserController   : Received login request with account: w123456 and password: 123456
2025-04-23T14:50:54.501+08:00  INFO 11172 --- [uavapp] [http-nio-8082-exec-7] c.uav.uavapp.controller.UserController   : Generated token for account: w123456
2025-04-23T15:07:24.260+08:00  INFO 11172 --- [uavapp] [SpringApplicationShutdownHook] c.u.u.service.PythonDetectionClient      : 🧹 Cleaning up PythonDetectionClient...
2025-04-23T15:07:24.268+08:00  INFO 11172 --- [uavapp] [SpringApplicationShutdownHook] c.u.u.service.PythonDetectionClient      : 🧺 Pending requests cleared during cleanup. Size: 0
2025-04-23T15:07:24.268+08:00  INFO 11172 --- [uavapp] [SpringApplicationShutdownHook] j.LocalContainerEntityManagerFactoryBean : Closing JPA EntityManagerFactory for persistence unit 'default'
2025-04-23T15:07:24.268+08:00  INFO 11172 --- [uavapp] [SpringApplicationShutdownHook] com.zaxxer.hikari.HikariDataSource       : HikariPool-1 - Shutdown initiated...
2025-04-23T15:07:24.276+08:00  INFO 11172 --- [uavapp] [SpringApplicationShutdownHook] com.zaxxer.hikari.HikariDataSource       : HikariPool-1 - Shutdown completed.
